This is e-pTeX, Version 3.14159265-p3.7.1-161114-2.6 (sjis) (TeX Live 2016/W32TeX) (preloaded format=platex 2016.11.14)  23 MAY 2018 13:47
entering extended mode
 restricted \write18 enabled.
 %&-line parsing enabled.
**bussei_bry.tex
(c:/w32tex/share/texmf-dist/tex/latex/tools/q.tex
pLaTeX2e <2016/09/08> (based on LaTeX2e <2016/03/31> patch level 3)
Babel <3.9r> and hyphenation patterns for 83 language(s) loaded.
File ignored
)
! Emergency stop.
<*> bussei_bry.tex
                  
*** (job aborted, no legal \end found)

 
Here is how much of TeX's memory you used:
 6 strings out of 493670
 155 string characters out of 6151242
 53889 words of memory out of 5000000
 3679 multiletter control sequences out of 15000+600000
 7511 words of font info for 31 fonts, out of 8000000 for 9000
 929 hyphenation exceptions out of 8191
 5i,0n,3p,94b,8s stack positions out of 5000i,500n,10000p,500000b,80000s
No pages of output.
